[17:36:59] [ServerMain/INFO]: [bootstrap] Running Java 21 (OpenJDK 64-Bit Server VM 21.0.10+-14961533-b1163.108; JetBrains s.r.o. null) on Linux 7.0.11-zen1-1-zen (amd64)
[17:36:59] [ServerMain/INFO]: [bootstrap] Loading Paper 1.21.11-132-ver/1.21.11@c5eb079 (2026-05-11T11:43:09Z) for Minecraft 1.21.11
[17:37:00] [ServerMain/INFO]: [PluginInitializerManager] Initializing plugins...
[17:37:00] [ServerMain/INFO]: [PluginInitializerManager] Initialized 1 plugin
[17:37:00] [ServerMain/INFO]: [PluginInitializerManager] Bukkit plugins (1):
 - WorldInAJar (1.0-SNAPSHOT)
[17:37:03] [ServerMain/INFO]: Environment: Environment[sessionHost=https://sessionserver.mojang.com, servicesHost=https://api.minecraftservices.com, profilesHost=https://api.mojang.com, name=PROD]
[17:37:03] [ServerMain/INFO]: Loaded 1470 recipes
[17:37:03] [ServerMain/INFO]: Loaded 1584 advancements
[17:37:03] [ServerMain/INFO]: [ca.spottedleaf.dataconverter.minecraft.datatypes.MCTypeRegistry] Initialising converters for DataConverter...
[17:37:04] [ServerMain/INFO]: [ca.spottedleaf.dataconverter.minecraft.datatypes.MCTypeRegistry] Finished initialising converters for DataConverter in 234.3ms
[17:37:04] [Server thread/INFO]: Starting minecraft server version 1.21.11
[17:37:04] [Server thread/INFO]: Loading properties
[17:37:04] [Server thread/INFO]: This server is running Paper version 1.21.11-132-ver/1.21.11@c5eb079 (2026-05-11T11:43:09Z) (Implementing API version 1.21.11-R0.1-SNAPSHOT)
[17:37:04] [Server thread/INFO]: [spark] This server bundles the spark profiler. For more information please visit https://docs.papermc.io/paper/profiling
[17:37:04] [Server thread/INFO]: Server Ping Player Sample Count: 12
[17:37:04] [Server thread/INFO]: Using 4 threads for Netty based IO
[17:37:04] [Server thread/INFO]: [MoonriseCommon] Paper is using 8 worker threads, 1 I/O threads
[17:37:04] [Server thread/INFO]: Default game type: SURVIVAL
[17:37:04] [Server thread/INFO]: Generating keypair
[17:37:04] [Server thread/INFO]: Starting Minecraft server on *:25565
[17:37:04] [Server thread/INFO]: Paper: Using libdeflate (Linux x86_64) compression from Velocity.
[17:37:04] [Server thread/INFO]: Paper: Using OpenSSL 3.x.x (Linux x86_64) cipher from Velocity.
[17:37:05] [Server thread/INFO]: [WorldInAJar] Loading server plugin WorldInAJar v1.0-SNAPSHOT
[17:37:05] [Server thread/INFO]: Server permissions file permissions.yml is empty, ignoring it
[17:37:05] [Server thread/INFO]: Preparing level "world"
[17:37:05] [Server thread/INFO]: Loading 0 persistent chunks for world 'minecraft:overworld'...
[17:37:05] [Server thread/INFO]: Prepared spawn area in 0 ms
[17:37:05] [Server thread/INFO]: Loading 0 persistent chunks for world 'minecraft:the_nether'...
[17:37:05] [Server thread/INFO]: Prepared spawn area in 0 ms
[17:37:05] [Server thread/INFO]: Loading 0 persistent chunks for world 'minecraft:the_end'...
[17:37:05] [Server thread/INFO]: Prepared spawn area in 0 ms
[17:37:05] [Server thread/INFO]: Done preparing level "world" (0.248s)
[17:37:05] [Server thread/INFO]: [WorldInAJar] Enabling WorldInAJar v1.0-SNAPSHOT
[17:37:05] [Server thread/INFO]: Loading 0 persistent chunks for world 'minecraft:world_in_a_jar'...
[17:37:05] [Server thread/INFO]: Prepared spawn area in 0 ms
[17:37:05] [Server thread/INFO]: [WorldInAJar] Loaded 0 persistent world jar(s).
[17:37:05] [Server thread/INFO]: [spark] Starting background profiler...
[17:37:05] [Server thread/INFO]: Running delayed init tasks
[17:37:05] [Server thread/INFO]: Done (6.254s)! For help, type "help"
[17:37:06] [Paper Async Task Handler Thread - 1/WARN]: *************************************************************************************
[17:37:06] [Paper Async Task Handler Thread - 1/WARN]: You are running the latest build for your Minecraft version (1.21.11)
[17:37:06] [Paper Async Task Handler Thread - 1/WARN]: However, you are 2 release(s) behind the latest stable release (26.1.2)!
[17:37:06] [Paper Async Task Handler Thread - 1/WARN]: It is recommended that you update as soon as possible
[17:37:06] [Paper Async Task Handler Thread - 1/WARN]: https://papermc.io/downloads/paper
[17:37:06] [Paper Async Task Handler Thread - 1/WARN]: *************************************************************************************
[17:37:17] [Server thread/INFO]: Stopping the server
[17:37:17] [Server thread/INFO]: Stopping server
[17:37:17] [Server thread/INFO]: [WorldInAJar] Disabling WorldInAJar v1.0-SNAPSHOT
[17:37:17] [Server thread/INFO]: Saving players
[17:37:17] [Server thread/INFO]: Saving worlds
[17:37:17] [Server thread/INFO]: Saving chunks for level 'ServerLevel[world]'/minecraft:overworld
[17:37:17] [Server thread/INFO]: [ChunkHolderManager] Waiting 60s for chunk system to halt for world 'world'
[17:37:17] [Server thread/INFO]: [ChunkHolderManager] Halted chunk system for world 'world'
[17:37:17] [Server thread/INFO]: [ChunkHolderManager] Saving all chunkholders for world 'world'
[17:37:17] [Server thread/INFO]: [ChunkHolderManager] Saved 0 block chunks, 0 entity chunks, 0 poi chunks in world 'world' in 0.00s
[17:37:17] [Server thread/INFO]: [ChunkHolderManager] Waiting 60s for chunk I/O to halt for world 'world'
[17:37:17] [Server thread/INFO]: [ChunkHolderManager] Halted I/O scheduler for world 'world'
[17:37:17] [Server thread/INFO]: Saving chunks for level 'ServerLevel[world_nether]'/minecraft:the_nether
[17:37:17] [Server thread/INFO]: [ChunkHolderManager] Waiting 60s for chunk system to halt for world 'world_nether'
[17:37:17] [Server thread/INFO]: [ChunkHolderManager] Halted chunk system for world 'world_nether'
[17:37:17] [Server thread/INFO]: [ChunkHolderManager] Saving all chunkholders for world 'world_nether'
[17:37:17] [Server thread/INFO]: [ChunkHolderManager] Saved 0 block chunks, 0 entity chunks, 0 poi chunks in world 'world_nether' in 0.00s
[17:37:17] [Server thread/INFO]: [ChunkHolderManager] Waiting 60s for chunk I/O to halt for world 'world_nether'
[17:37:17] [Server thread/INFO]: [ChunkHolderManager] Halted I/O scheduler for world 'world_nether'
[17:37:17] [Server thread/INFO]: Saving chunks for level 'ServerLevel[world_the_end]'/minecraft:the_end
[17:37:17] [Server thread/INFO]: [ChunkHolderManager] Waiting 60s for chunk system to halt for world 'world_the_end'
[17:37:17] [Server thread/INFO]: [ChunkHolderManager] Halted chunk system for world 'world_the_end'
[17:37:17] [Server thread/INFO]: [ChunkHolderManager] Saving all chunkholders for world 'world_the_end'
[17:37:17] [Server thread/INFO]: [ChunkHolderManager] Saved 0 block chunks, 0 entity chunks, 0 poi chunks in world 'world_the_end' in 0.00s
[17:37:17] [Server thread/INFO]: [ChunkHolderManager] Waiting 60s for chunk I/O to halt for world 'world_the_end'
[17:37:17] [Server thread/INFO]: [ChunkHolderManager] Halted I/O scheduler for world 'world_the_end'
[17:37:17] [Server thread/INFO]: Saving chunks for level 'ServerLevel[world_in_a_jar]'/minecraft:world_in_a_jar
[17:37:17] [Server thread/INFO]: [ChunkHolderManager] Waiting 60s for chunk system to halt for world 'world_in_a_jar'
[17:37:17] [Server thread/INFO]: [ChunkHolderManager] Halted chunk system for world 'world_in_a_jar'
[17:37:17] [Server thread/INFO]: [ChunkHolderManager] Saving all chunkholders for world 'world_in_a_jar'
[17:37:17] [Server thread/INFO]: [ChunkHolderManager] Saved 0 block chunks, 0 entity chunks, 0 poi chunks in world 'world_in_a_jar' in 0.00s
[17:37:17] [Server thread/INFO]: [ChunkHolderManager] Waiting 60s for chunk I/O to halt for world 'world_in_a_jar'
[17:37:17] [Server thread/INFO]: [ChunkHolderManager] Halted I/O scheduler for world 'world_in_a_jar'
[17:37:17] [Server thread/INFO]: ThreadedAnvilChunkStorage (world): All chunks are saved
[17:37:17] [Server thread/INFO]: ThreadedAnvilChunkStorage (DIM-1): All chunks are saved
[17:37:17] [Server thread/INFO]: ThreadedAnvilChunkStorage (DIM1): All chunks are saved
[17:37:17] [Server thread/INFO]: ThreadedAnvilChunkStorage (world_in_a_jar): All chunks are saved
[17:37:17] [Server thread/INFO]: ThreadedAnvilChunkStorage: All dimensions are saved
[17:37:17] [Server thread/INFO]: Waiting for all RegionFile I/O tasks to complete...
[17:37:17] [Server thread/INFO]: All RegionFile I/O tasks to complete
[17:37:17] [Server thread/INFO]: [MoonriseCommon] Awaiting termination of worker pool for up to 60s...
[17:37:17] [Server thread/INFO]: [MoonriseCommon] Awaiting termination of I/O pool for up to 60s...
